INFO  | 2021-11-17 13:48:16 | [main] JavaSamples12.HelloWorld (HelloWorld.java:12) - Hello WorldThis Will Be Printed On Info
WARN  | 2021-11-17 13:48:16 | [main] JavaSamples12.HelloWorld (HelloWorld.java:13) - Hello WorldThis Will Be Printed On Warn
ERROR | 2021-11-17 13:48:16 | [main] JavaSamples12.HelloWorld (HelloWorld.java:14) - Hello WorldThis Will Be Printed On Error
FATAL | 2021-11-17 13:48:16 | [main] JavaSamples12.HelloWorld (HelloWorld.java:15) - Hello WorldThis Will Be Printed On Fatal
INFO  | 2021-11-17 13:48:16 | [main] JavaSamples12.HelloWorld (HelloWorld.java:17) - Appending string: Hello World.
INFO  | 2021-11-17 13:52:20 | [main] JavaSamples12.HelloWorld (HelloWorld.java:13) - Hello WorldThis Will Be Printed On Info
WARN  | 2021-11-17 13:52:20 | [main] JavaSamples12.HelloWorld (HelloWorld.java:14) - Hello WorldThis Will Be Printed On Warn
ERROR | 2021-11-17 13:52:20 | [main] JavaSamples12.HelloWorld (HelloWorld.java:15) - Hello WorldThis Will Be Printed On Error
FATAL | 2021-11-17 13:52:20 | [main] JavaSamples12.HelloWorld (HelloWorld.java:16) - Hello WorldThis Will Be Printed On Fatal
INFO  | 2021-11-17 13:52:20 | [main] JavaSamples12.HelloWorld (HelloWorld.java:18) - Appending string: Hello World.
INFO  | 2021-11-17 13:53:05 | [main] JavaSamples12.HelloWorld (HelloWorld.java:13) - Hello World This Will Be Printed On Info
WARN  | 2021-11-17 13:53:05 | [main] JavaSamples12.HelloWorld (HelloWorld.java:14) - Hello World  This Will Be Printed On Warn
ERROR | 2021-11-17 13:53:05 | [main] JavaSamples12.HelloWorld (HelloWorld.java:15) - Hello WorldThis Will Be Printed On Error
FATAL | 2021-11-17 13:53:05 | [main] JavaSamples12.HelloWorld (HelloWorld.java:16) - Hello World This Will Be Printed On Fatal
INFO  | 2021-11-17 13:53:05 | [main] JavaSamples12.HelloWorld (HelloWorld.java:18) - Appending string: Hello World.
INFO  | 2021-11-17 13:53:15 | [main] JavaSamples12.HelloWorld (HelloWorld.java:13) - Hello World This Will Be Printed On Info
WARN  | 2021-11-17 13:53:15 | [main] JavaSamples12.HelloWorld (HelloWorld.java:14) - Hello World  This Will Be Printed On Warn
ERROR | 2021-11-17 13:53:15 | [main] JavaSamples12.HelloWorld (HelloWorld.java:15) - Hello World This Will Be Printed On Error
FATAL | 2021-11-17 13:53:15 | [main] JavaSamples12.HelloWorld (HelloWorld.java:16) - Hello World This Will Be Printed On Fatal
INFO  | 2021-11-17 13:53:15 | [main] JavaSamples12.HelloWorld (HelloWorld.java:18) - Appending string: Hello World.
INFO  | 2021-11-17 13:55:22 | [main] JavaSamples12.HelloWorld (HelloWorld.java:13) - Hello WorldThis Will Be Printed On Info
WARN  | 2021-11-17 13:55:22 | [main] JavaSamples12.HelloWorld (HelloWorld.java:14) - Hello WorldThis Will Be Printed On Warn
ERROR | 2021-11-17 13:55:22 | [main] JavaSamples12.HelloWorld (HelloWorld.java:15) - Hello WorldThis Will Be Printed On Error
FATAL | 2021-11-17 13:55:22 | [main] JavaSamples12.HelloWorld (HelloWorld.java:16) - Hello WorldThis Will Be Printed On Fatal
INFO  | 2021-11-17 13:55:22 | [main] JavaSamples12.HelloWorld (HelloWorld.java:18) - Appending string: Hello World.
INFO  | 2021-11-17 13:55:52 | [main] JavaSamples12.HelloWorld (HelloWorld.java:13) - Hello WorldThis Will Be Printed On Info
WARN  | 2021-11-17 13:55:52 | [main] JavaSamples12.HelloWorld (HelloWorld.java:14) - Hello WorldThis Will Be Printed On Warn
ERROR | 2021-11-17 13:55:52 | [main] JavaSamples12.HelloWorld (HelloWorld.java:15) - Hello WorldThis Will Be Printed On Error
FATAL | 2021-11-17 13:55:52 | [main] JavaSamples12.HelloWorld (HelloWorld.java:16) - Hello WorldThis Will Be Printed On Fatal
INFO  | 2021-11-17 13:55:52 | [main] JavaSamples12.HelloWorld (HelloWorld.java:18) - Appending string: Hello World.
INFO  | 2021-11-17 13:56:22 | [main] JavaSamples12.HelloWorld (HelloWorld.java:13) - Hello World This Will Be Printed On Info
WARN  | 2021-11-17 13:56:22 | [main] JavaSamples12.HelloWorld (HelloWorld.java:14) - Hello WorldThis Will Be Printed On Warn
ERROR | 2021-11-17 13:56:22 | [main] JavaSamples12.HelloWorld (HelloWorld.java:15) - Hello WorldThis Will Be Printed On Error
FATAL | 2021-11-17 13:56:22 | [main] JavaSamples12.HelloWorld (HelloWorld.java:16) - Hello WorldThis Will Be Printed On Fatal
INFO  | 2021-11-17 13:56:22 | [main] JavaSamples12.HelloWorld (HelloWorld.java:18) - Appending string: Hello World.
INFO  | 2021-11-17 13:57:32 | [main] JavaSamples12.HelloWorld (HelloWorld.java:13) - Hello WorldThis Will Be Printed On Info
WARN  | 2021-11-17 13:57:32 | [main] JavaSamples12.HelloWorld (HelloWorld.java:14) - Hello WorldThis Will Be Printed On Warn
ERROR | 2021-11-17 13:57:32 | [main] JavaSamples12.HelloWorld (HelloWorld.java:15) - Hello WorldThis Will Be Printed On Error
FATAL | 2021-11-17 13:57:32 | [main] JavaSamples12.HelloWorld (HelloWorld.java:16) - Hello WorldThis Will Be Printed On Fatal
INFO  | 2021-11-17 13:57:32 | [main] JavaSamples12.HelloWorld (HelloWorld.java:18) - Appending string: Hello World.
INFO  | 2021-11-17 21:03:50 | [main] JavaSamples12.HelloWorld (HelloWorld.java:16) - Hello WorldThis Will Be Printed On Info
WARN  | 2021-11-17 21:03:50 | [main] JavaSamples12.HelloWorld (HelloWorld.java:17) - Hello WorldThis Will Be Printed On Warn
ERROR | 2021-11-17 21:03:50 | [main] JavaSamples12.HelloWorld (HelloWorld.java:18) - Hello WorldThis Will Be Printed On Error
FATAL | 2021-11-17 21:03:50 | [main] JavaSamples12.HelloWorld (HelloWorld.java:19) - Hello WorldThis Will Be Printed On Fatal
INFO  | 2021-11-17 21:03:50 | [main] JavaSamples12.HelloWorld (HelloWorld.java:21) - Appending string: Hello World.
